2024-09-17T14:03:03.944Z [info]: Server is running on port 3000
2024-09-17T14:03:27.660Z [info]: Server is running on port 3000
2024-09-17T14:19:03.394Z [info]: Server is running on port 3000
2024-09-17T16:28:55.074Z [info]: Server is running on port 3000
2024-09-17T20:03:18.539Z [info]: Server is running on port 3000
2024-09-17T20:19:54.179Z [error]: Failed to log user activity: Failed to create activity log: ActivityLog validation failed: userId: Cast to ObjectId failed for value "anonymous" (type string) at path "userId" because of "BSONError"
2024-09-17T20:20:36.475Z [error]: Failed to log user activity: Failed to create activity log: ActivityLog validation failed: userId: Cast to ObjectId failed for value "anonymous" (type string) at path "userId" because of "BSONError"
2024-09-17T20:20:40.191Z [error]: Failed to log user activity: Failed to create activity log: ActivityLog validation failed: userId: Cast to ObjectId failed for value "anonymous" (type string) at path "userId" because of "BSONError"
2024-09-17T20:21:21.960Z [info]: Server is running on port 3000
2024-09-17T20:23:41.555Z [info]: Server is running on port 3000
2024-09-17T20:25:14.680Z [info]: Server is running on port 3000
2024-09-17T20:28:27.803Z [info]: Server is running on port 3000
2024-09-17T20:32:55.816Z [info]: Server is running on port 3000
2024-09-17T20:33:12.408Z [info]: Server is running on port 3000
2024-09-17T20:33:17.736Z [warn]: Validation failed: [{"field":"unknown","message":"Role name is required"},{"field":"unknown","message":"Permissions must be an array"},{"field":"unknown","message":"Invalid permissions provided"}]
2024-09-17T20:33:17.764Z [error]: Failed to log user activity: Failed to create activity log: ActivityLog validation failed: userId: Cast to ObjectId failed for value "anonymous" (type string) at path "userId" because of "BSONError"
2024-09-17T20:33:17.764Z [error]: Failed to log user activity: Failed to create activity log: ActivityLog validation failed: userId: Cast to ObjectId failed for value "anonymous" (type string) at path "userId" because of "BSONError"
2024-09-17T20:42:53.751Z [info]: Server is running on port 3000
2024-09-17T20:46:24.158Z [warn]: Validation failed: [{"field":"unknown","message":"Role name is required"},{"field":"unknown","message":"Invalid permissions provided"}]
2024-09-17T20:46:24.261Z [error]: Failed to log user activity: Failed to create activity log: ActivityLog validation failed: userId: Cast to ObjectId failed for value "anonymous" (type string) at path "userId" because of "BSONError"
2024-09-17T20:46:24.262Z [error]: Failed to log user activity: Failed to create activity log: ActivityLog validation failed: userId: Cast to ObjectId failed for value "anonymous" (type string) at path "userId" because of "BSONError"
2024-09-17T20:48:44.896Z [warn]: Validation failed: [{"field":"unknown","message":"Role name is required"},{"field":"unknown","message":"Invalid permissions provided"}]
2024-09-17T20:48:44.918Z [error]: Failed to log user activity: Failed to create activity log: ActivityLog validation failed: userId: Cast to ObjectId failed for value "anonymous" (type string) at path "userId" because of "BSONError"
2024-09-17T20:48:44.919Z [error]: Failed to log user activity: Failed to create activity log: ActivityLog validation failed: userId: Cast to ObjectId failed for value "anonymous" (type string) at path "userId" because of "BSONError"
2024-09-17T20:48:47.477Z [warn]: Validation failed: [{"field":"unknown","message":"Role name is required"},{"field":"unknown","message":"Invalid permissions provided"}]
2024-09-17T20:48:47.493Z [error]: Failed to log user activity: Failed to create activity log: ActivityLog validation failed: userId: Cast to ObjectId failed for value "anonymous" (type string) at path "userId" because of "BSONError"
2024-09-17T20:48:47.494Z [error]: Failed to log user activity: Failed to create activity log: ActivityLog validation failed: userId: Cast to ObjectId failed for value "anonymous" (type string) at path "userId" because of "BSONError"
2024-09-17T20:58:31.973Z [info]: Server is running on port 3000
2024-09-17T20:58:40.619Z [error]: Failed to create role: UserRole validation failed: role: Cast to string failed for value "[ 'admin' ]" (type Array) at path "role"
2024-09-17T20:58:40.620Z [error]: Failed to create role: UserRole validation failed: role: Cast to string failed for value "[ 'admin' ]" (type Array) at path "role"
2024-09-17T20:58:40.641Z [error]: Failed to log user activity: Failed to create activity log: ActivityLog validation failed: userId: Cast to ObjectId failed for value "anonymous" (type string) at path "userId" because of "BSONError"
2024-09-17T20:58:40.641Z [error]: Failed to log user activity: Failed to create activity log: ActivityLog validation failed: userId: Cast to ObjectId failed for value "anonymous" (type string) at path "userId" because of "BSONError"
2024-09-17T20:58:56.195Z [info]: Role created: undefined
2024-09-17T20:58:56.197Z [info]: Role created: undefined
2024-09-17T20:58:56.220Z [error]: Failed to log user activity: Failed to create activity log: ActivityLog validation failed: userId: Cast to ObjectId failed for value "anonymous" (type string) at path "userId" because of "BSONError"
2024-09-17T20:58:56.220Z [error]: Failed to log user activity: Failed to create activity log: ActivityLog validation failed: userId: Cast to ObjectId failed for value "anonymous" (type string) at path "userId" because of "BSONError"
2024-09-17T21:02:00.557Z [error]: Failed to log user activity: Failed to create activity log: ActivityLog validation failed: userId: Cast to ObjectId failed for value "anonymous" (type string) at path "userId" because of "BSONError"
2024-09-17T21:02:26.341Z [error]: Failed to log user activity: Failed to create activity log: ActivityLog validation failed: userId: Cast to ObjectId failed for value "anonymous" (type string) at path "userId" because of "BSONError"
2024-09-17T21:04:34.157Z [info]: Server is running on port 3000
2024-09-17T21:04:40.530Z [warn]: Validation failed: [{"field":"unknown","message":"Username must be between 3 and 30 characters"},{"field":"unknown","message":"Please provide a valid email address"},{"field":"unknown","message":"Password must be at least 6 characters long"}]
2024-09-17T21:04:40.567Z [error]: Failed to log user activity: Failed to create activity log: ActivityLog validation failed: userId: Cast to ObjectId failed for value "anonymous" (type string) at path "userId" because of "BSONError"
2024-09-17T21:04:40.568Z [error]: Failed to log user activity: Failed to create activity log: ActivityLog validation failed: userId: Cast to ObjectId failed for value "anonymous" (type string) at path "userId" because of "BSONError"
2024-09-17T21:15:20.012Z [info]: Server is running on port 3000
2024-09-17T21:18:58.579Z [warn]: Validation failed: [{"field":"unknown","message":"Password must be at least 6 characters long"}]
2024-09-17T21:18:58.644Z [error]: Failed to log user activity: Failed to create activity log: ActivityLog validation failed: userId: Cast to ObjectId failed for value "anonymous" (type string) at path "userId" because of "BSONError"
2024-09-17T21:18:58.645Z [error]: Failed to log user activity: Failed to create activity log: ActivityLog validation failed: userId: Cast to ObjectId failed for value "anonymous" (type string) at path "userId" because of "BSONError"
2024-09-17T21:19:40.767Z [warn]: Validation failed: [{"field":"unknown","message":"Password must be at least 6 characters long"}]
2024-09-17T21:19:40.800Z [error]: Failed to log user activity: Failed to create activity log: ActivityLog validation failed: userId: Cast to ObjectId failed for value "anonymous" (type string) at path "userId" because of "BSONError"
2024-09-17T21:19:40.801Z [error]: Failed to log user activity: Failed to create activity log: ActivityLog validation failed: userId: Cast to ObjectId failed for value "anonymous" (type string) at path "userId" because of "BSONError"
2024-09-17T21:24:27.243Z [info]: Server is running on port 3000
2024-09-17T21:24:33.377Z [error]: Failed to create user: Cannot read properties of undefined (reading 'userRepository')
2024-09-17T21:24:33.404Z [error]: Failed to log user activity: Failed to create activity log: ActivityLog validation failed: userId: Cast to ObjectId failed for value "anonymous" (type string) at path "userId" because of "BSONError"
2024-09-17T21:24:33.404Z [error]: Failed to log user activity: Failed to create activity log: ActivityLog validation failed: userId: Cast to ObjectId failed for value "anonymous" (type string) at path "userId" because of "BSONError"
2024-09-17T21:30:23.846Z [info]: Server is running on port 3000
2024-09-17T21:30:27.412Z [error]: Failed to create user: Cannot read properties of undefined (reading 'userRepository')
2024-09-17T21:30:27.437Z [error]: Failed to log user activity: Failed to create activity log: ActivityLog validation failed: userId: Cast to ObjectId failed for value "anonymous" (type string) at path "userId" because of "BSONError"
2024-09-17T21:30:27.438Z [error]: Failed to log user activity: Failed to create activity log: ActivityLog validation failed: userId: Cast to ObjectId failed for value "anonymous" (type string) at path "userId" because of "BSONError"
2024-09-17T21:32:08.178Z [info]: Server is running on port 3000
2024-09-17T21:32:10.765Z [error]: Failed to create user: Cannot read properties of undefined (reading 'userRepository')
2024-09-17T21:32:10.790Z [error]: Failed to log user activity: Failed to create activity log: ActivityLog validation failed: userId: Cast to ObjectId failed for value "anonymous" (type string) at path "userId" because of "BSONError"
2024-09-17T21:32:10.791Z [error]: Failed to log user activity: Failed to create activity log: ActivityLog validation failed: userId: Cast to ObjectId failed for value "anonymous" (type string) at path "userId" because of "BSONError"
2024-09-17T21:38:23.359Z [info]: Server is running on port 3000
2024-09-17T21:38:24.186Z [error]: Failed to create user: Cannot read properties of undefined (reading 'userRepository')
2024-09-17T21:38:24.209Z [error]: Failed to log user activity: Failed to create activity log: ActivityLog validation failed: userId: Cast to ObjectId failed for value "anonymous" (type string) at path "userId" because of "BSONError"
2024-09-17T21:38:24.210Z [error]: Failed to log user activity: Failed to create activity log: ActivityLog validation failed: userId: Cast to ObjectId failed for value "anonymous" (type string) at path "userId" because of "BSONError"
2024-09-17T21:41:58.539Z [info]: Server is running on port 3000
2024-09-17T21:42:02.537Z [error]: Failed to create user: Cannot read properties of undefined (reading 'userRepository')
2024-09-17T21:42:02.563Z [error]: Failed to log user activity: Failed to create activity log: ActivityLog validation failed: userId: Cast to ObjectId failed for value "anonymous" (type string) at path "userId" because of "BSONError"
2024-09-17T21:42:02.564Z [error]: Failed to log user activity: Failed to create activity log: ActivityLog validation failed: userId: Cast to ObjectId failed for value "anonymous" (type string) at path "userId" because of "BSONError"
2024-09-17T21:42:45.331Z [info]: Server is running on port 3000
2024-09-17T21:42:48.616Z [error]: Failed to create user: Cannot read properties of undefined (reading 'userRepository')
2024-09-17T21:42:48.639Z [error]: Failed to log user activity: Failed to create activity log: ActivityLog validation failed: userId: Cast to ObjectId failed for value "anonymous" (type string) at path "userId" because of "BSONError"
2024-09-17T21:42:48.640Z [error]: Failed to log user activity: Failed to create activity log: ActivityLog validation failed: userId: Cast to ObjectId failed for value "anonymous" (type string) at path "userId" because of "BSONError"
2024-09-17T21:47:39.505Z [info]: Server is running on port 3000
2024-09-17T21:47:45.229Z [error]: Failed to create user: Cannot read properties of undefined (reading 'userRepository')
2024-09-17T21:47:45.250Z [error]: Failed to log user activity: Failed to create activity log: ActivityLog validation failed: userId: Cast to ObjectId failed for value "anonymous" (type string) at path "userId" because of "BSONError"
2024-09-17T21:47:45.251Z [error]: Failed to log user activity: Failed to create activity log: ActivityLog validation failed: userId: Cast to ObjectId failed for value "anonymous" (type string) at path "userId" because of "BSONError"
2024-09-17T21:52:06.574Z [info]: Server is running on port 3000
2024-09-17T21:52:16.833Z [error]: Failed to create user: Cannot read properties of undefined (reading 'userRepository')
2024-09-17T21:52:16.863Z [error]: Failed to log user activity: Failed to create activity log: ActivityLog validation failed: userId: Cast to ObjectId failed for value "anonymous" (type string) at path "userId" because of "BSONError"
2024-09-17T21:52:16.864Z [error]: Failed to log user activity: Failed to create activity log: ActivityLog validation failed: userId: Cast to ObjectId failed for value "anonymous" (type string) at path "userId" because of "BSONError"
2024-09-17T21:56:48.631Z [info]: Server is running on port 3000
2024-09-17T21:56:51.345Z [error]: Failed to create user: Cannot read properties of undefined (reading 'userRepository')
2024-09-17T21:56:51.369Z [error]: Failed to log user activity: Failed to create activity log: ActivityLog validation failed: userId: Cast to ObjectId failed for value "anonymous" (type string) at path "userId" because of "BSONError"
2024-09-17T21:56:51.370Z [error]: Failed to log user activity: Failed to create activity log: ActivityLog validation failed: userId: Cast to ObjectId failed for value "anonymous" (type string) at path "userId" because of "BSONError"
2024-09-17T21:57:14.814Z [error]: Failed to create user: Cannot read properties of undefined (reading 'userRepository')
2024-09-17T21:57:14.828Z [error]: Failed to log user activity: Failed to create activity log: ActivityLog validation failed: userId: Cast to ObjectId failed for value "anonymous" (type string) at path "userId" because of "BSONError"
2024-09-17T21:57:14.828Z [error]: Failed to log user activity: Failed to create activity log: ActivityLog validation failed: userId: Cast to ObjectId failed for value "anonymous" (type string) at path "userId" because of "BSONError"
2024-09-17T22:02:37.256Z [info]: Server is running on port 3000
2024-09-17T22:02:54.011Z [info]: Server is running on port 3000
2024-09-17T22:02:56.802Z [error]: Failed to create user: Cannot read properties of undefined (reading 'userRepository')
2024-09-17T22:02:56.828Z [error]: Failed to log user activity: Failed to create activity log: ActivityLog validation failed: userId: Cast to ObjectId failed for value "anonymous" (type string) at path "userId" because of "BSONError"
2024-09-17T22:02:56.828Z [error]: Failed to log user activity: Failed to create activity log: ActivityLog validation failed: userId: Cast to ObjectId failed for value "anonymous" (type string) at path "userId" because of "BSONError"
2024-09-17T22:08:11.099Z [info]: Server is running on port 3000
2024-09-17T22:08:13.893Z [error]: Failed to log user activity: Failed to create activity log: ActivityLog validation failed: userId: Cast to ObjectId failed for value "anonymous" (type string) at path "userId" because of "BSONError"
2024-09-17T22:08:13.900Z [error]: Failed to log user activity: Failed to create activity log: ActivityLog validation failed: userId: Cast to ObjectId failed for value "anonymous" (type string) at path "userId" because of "BSONError"
2024-09-17T22:12:31.213Z [warn]: Validation failed: [{"field":"unknown","message":"Please provide a valid email address"},{"field":"unknown","message":"Password must be at least 6 characters long"}]
2024-09-17T22:12:31.453Z [error]: Failed to log user activity: Failed to create activity log: ActivityLog validation failed: userId: Cast to ObjectId failed for value "anonymous" (type string) at path "userId" because of "BSONError"
2024-09-17T22:13:18.024Z [warn]: Validation failed: [{"field":"unknown","message":"Please provide a valid email address"}]
2024-09-17T22:13:18.035Z [error]: Failed to log user activity: Failed to create activity log: ActivityLog validation failed: userId: Cast to ObjectId failed for value "anonymous" (type string) at path "userId" because of "BSONError"
2024-09-17T22:15:41.092Z [info]: Server is running on port 3000
2024-09-17T22:15:45.789Z [info]: User logged in successfully: mandonglawrence@gmail.com
2024-09-17T22:15:45.807Z [error]: Failed to log user activity: Failed to create activity log: ActivityLog validation failed: userId: Cast to ObjectId failed for value "anonymous" (type string) at path "userId" because of "BSONError"
2024-09-17T22:15:45.807Z [error]: Failed to log user activity: Failed to create activity log: ActivityLog validation failed: userId: Cast to ObjectId failed for value "anonymous" (type string) at path "userId" because of "BSONError"
2024-09-17T22:18:27.136Z [info]: Server is running on port 3000
2024-09-17T22:20:05.728Z [error]: Failed to create user: E11000 duplicate key error collection: mainstack.users index: username_1 dup key: { username: "Lawrence" }
2024-09-17T22:20:05.734Z [error]: Failed to create user: Failed to create user: E11000 duplicate key error collection: mainstack.users index: username_1 dup key: { username: "Lawrence" }
2024-09-17T22:26:38.842Z [error]: Failed to create user: E11000 duplicate key error collection: mainstack.users index: email_1 dup key: { email: "rence@gmail.com" }
2024-09-17T22:26:38.855Z [error]: Failed to create user: Failed to create user: E11000 duplicate key error collection: mainstack.users index: email_1 dup key: { email: "rence@gmail.com" }
2024-09-17T22:26:49.400Z [error]: Failed to create user: E11000 duplicate key error collection: mainstack.users index: username_1 dup key: { username: "LawrencePays" }
2024-09-17T22:26:49.401Z [error]: Failed to create user: Failed to create user: E11000 duplicate key error collection: mainstack.users index: username_1 dup key: { username: "LawrencePays" }
2024-09-17T22:30:41.870Z [error]: Failed to log user activity: Failed to create activity log: ActivityLog validation failed: userId: Cast to ObjectId failed for value "anonymous" (type string) at path "userId" because of "BSONError"
2024-09-17T22:31:57.198Z [info]: Retrieved 1 roles
2024-09-17T22:31:57.200Z [info]: Retrieved 1 roles
2024-09-17T22:39:36.762Z [warn]: Validation failed: [{"field":"unknown","message":"Role must be one of the following values: admin, editor, viewer"}]
2024-09-17T22:39:52.649Z [warn]: Validation failed: [{"field":"unknown","message":"Role must be one of the following values: admin, editor, viewer"}]
2024-09-17T22:40:17.133Z [error]: Failed to create role: E11000 duplicate key error collection: mainstack.userroles index: name_1 dup key: { name: null }
2024-09-17T22:40:17.136Z [error]: Failed to create role: E11000 duplicate key error collection: mainstack.userroles index: name_1 dup key: { name: null }
2024-09-17T22:41:10.132Z [error]: Failed to create role: E11000 duplicate key error collection: mainstack.userroles index: name_1 dup key: { name: null }
2024-09-17T22:41:10.132Z [error]: Failed to create role: E11000 duplicate key error collection: mainstack.userroles index: name_1 dup key: { name: null }
2024-09-17T22:41:13.232Z [error]: Failed to create role: E11000 duplicate key error collection: mainstack.userroles index: name_1 dup key: { name: null }
2024-09-17T22:41:13.233Z [error]: Failed to create role: E11000 duplicate key error collection: mainstack.userroles index: name_1 dup key: { name: null }
2024-09-17T22:41:55.667Z [info]: Role created: undefined
2024-09-17T22:41:55.673Z [info]: Role created: undefined
2024-09-17T22:42:21.320Z [info]: Role created: undefined
2024-09-17T22:42:21.321Z [info]: Role created: undefined
2024-09-17T22:44:30.835Z [info]: Server is running on port 3000
2024-09-17T22:44:40.225Z [error]: Failed to create role: E11000 duplicate key error collection: mainstack.userroles index: role_1 dup key: { role: "viewer" }
2024-09-17T22:44:40.226Z [error]: Failed to create role: E11000 duplicate key error collection: mainstack.userroles index: role_1 dup key: { role: "viewer" }
2024-09-17T22:46:55.767Z [info]: Retrieved 2 roles
2024-09-17T22:46:55.769Z [info]: Retrieved 2 roles
2024-09-17T22:50:48.363Z [warn]: Validation failed: [{"field":"unknown","message":"Username must be between 3 and 30 characters"},{"field":"unknown","message":"Please provide a valid email address"},{"field":"unknown","message":"Password must be at least 6 characters long"}]
2024-09-17T22:58:52.695Z [info]: Server is running on port 3000
2024-09-17T22:59:28.289Z [info]: Server is running on port 3000
2024-09-17T23:05:53.765Z [error]: Failed to find user by ID: Cast to ObjectId failed for value "rence@gmail.com" (type string) at path "_id" for model "User"
2024-09-17T23:05:53.770Z [error]: Failed to retrieve user by ID: Failed to find user by ID: Cast to ObjectId failed for value "rence@gmail.com" (type string) at path "_id" for model "User"
2024-09-18T00:48:45.415Z [info]: User logged in successfully: rence@gmail.com
2024-09-18T00:48:45.440Z [error]: Failed to log user activity: Failed to create activity log: ActivityLog validation failed: userId: Cast to ObjectId failed for value "anonymous" (type string) at path "userId" because of "BSONError"
2024-09-18T00:48:45.441Z [error]: Failed to log user activity: Failed to create activity log: ActivityLog validation failed: userId: Cast to ObjectId failed for value "anonymous" (type string) at path "userId" because of "BSONError"
2024-09-18T00:49:15.059Z [info]: Server is running on port 3000
2024-09-18T00:49:19.963Z [info]: User logged in successfully: rence@gmail.com
2024-09-18T00:49:19.983Z [error]: Failed to log user activity: Failed to create activity log: ActivityLog validation failed: userId: Cast to ObjectId failed for value "anonymous" (type string) at path "userId" because of "BSONError"
2024-09-18T00:49:19.984Z [error]: Failed to log user activity: Failed to create activity log: ActivityLog validation failed: userId: Cast to ObjectId failed for value "anonymous" (type string) at path "userId" because of "BSONError"
2024-09-18T00:50:14.547Z [info]: Found 1 roles for the provided IDs
2024-09-18T00:50:14.944Z [error]: Failed to create user: E11000 duplicate key error collection: mainstack.users index: username_1 dup key: { username: "LawrencePays" }
2024-09-18T00:50:14.944Z [error]: Failed to create user: Failed to create user: E11000 duplicate key error collection: mainstack.users index: username_1 dup key: { username: "LawrencePays" }
2024-09-18T00:52:18.092Z [info]: Server is running on port 3000
2024-09-18T00:52:23.705Z [info]: Found 1 roles for the provided IDs
2024-09-18T01:16:51.793Z [info]: Found 1 roles for the provided IDs
2024-09-18T01:17:22.126Z [info]: Server is running on port 3000
2024-09-18T01:17:26.230Z [info]: Found 1 roles for the provided IDs
2024-09-18T01:25:16.729Z [error]: Failed to login user: Cannot read properties of undefined (reading 'authService')
2024-09-18T01:25:16.759Z [error]: Failed to log user activity: Failed to create activity log: ActivityLog validation failed: userId: Cast to ObjectId failed for value "anonymous" (type string) at path "userId" because of "BSONError"
2024-09-18T01:25:16.760Z [error]: Failed to log user activity: Failed to create activity log: ActivityLog validation failed: userId: Cast to ObjectId failed for value "anonymous" (type string) at path "userId" because of "BSONError"
2024-09-18T01:31:14.715Z [info]: Server is running on port 3000
2024-09-18T01:31:27.215Z [info]: User logged in successfully: mandonglawrence@gmail.com
2024-09-18T01:31:27.233Z [error]: Failed to log user activity: Failed to create activity log: ActivityLog validation failed: userId: Cast to ObjectId failed for value "anonymous" (type string) at path "userId" because of "BSONError"
2024-09-18T01:31:27.234Z [error]: Failed to log user activity: Failed to create activity log: ActivityLog validation failed: userId: Cast to ObjectId failed for value "anonymous" (type string) at path "userId" because of "BSONError"
2024-09-18T01:32:01.746Z [info]: Found 1 roles for the provided IDs
2024-09-18T01:32:19.976Z [info]: Found 1 roles for the provided IDs
2024-09-18T01:33:31.949Z [info]: Found 1 roles for the provided IDs
2024-09-18T01:36:08.621Z [info]: Server is running on port 3000
2024-09-18T01:36:14.468Z [info]: Found 1 roles for the provided IDs
2024-09-18T01:41:39.025Z [info]: Server is running on port 3000
2024-09-18T01:41:46.635Z [info]: Found 1 roles for the provided IDs
2024-09-18T01:41:46.925Z [info]: Product created successfully
2024-09-18T01:43:00.240Z [info]: Found 1 roles for the provided IDs
2024-09-18T01:43:00.501Z [info]: Product created successfully
2024-09-18T06:28:22.816Z [info]: User logged in successfully: rence@gmail.com
2024-09-18T06:28:22.862Z [error]: Failed to log user activity: Failed to create activity log: ActivityLog validation failed: userId: Cast to ObjectId failed for value "anonymous" (type string) at path "userId" because of "BSONError"
2024-09-18T06:28:22.862Z [error]: Failed to log user activity: Failed to create activity log: ActivityLog validation failed: userId: Cast to ObjectId failed for value "anonymous" (type string) at path "userId" because of "BSONError"
2024-09-18T06:29:17.521Z [info]: Found 1 roles for the provided IDs
2024-09-18T06:50:16.527Z [error]: Invalid token: jwt expired
2024-09-18T06:50:16.588Z [error]: Failed to log user activity: Failed to create activity log: ActivityLog validation failed: userId: Cast to ObjectId failed for value "anonymous" (type string) at path "userId" because of "BSONError"
2024-09-18T06:52:20.136Z [info]: Server is running on port 3000
2024-09-18T06:53:06.215Z [error]: Invalid token: jwt expired
2024-09-18T06:53:06.257Z [error]: Failed to log user activity: Failed to create activity log: ActivityLog validation failed: userId: Cast to ObjectId failed for value "anonymous" (type string) at path "userId" because of "BSONError"
2024-09-18T06:53:23.576Z [info]: Found 1 roles for the provided IDs
2024-09-18T06:55:20.083Z [error]: Invalid token: jwt expired
2024-09-18T06:55:20.116Z [error]: Failed to log user activity: Failed to create activity log: ActivityLog validation failed: userId: Cast to ObjectId failed for value "anonymous" (type string) at path "userId" because of "BSONError"
2024-09-18T06:55:55.136Z [info]: Found 1 roles for the provided IDs
2024-09-18T06:56:11.813Z [info]: User logged in successfully: mandonglawrence@gmail.com
2024-09-18T06:56:11.820Z [error]: Failed to log user activity: Failed to create activity log: ActivityLog validation failed: userId: Cast to ObjectId failed for value "anonymous" (type string) at path "userId" because of "BSONError"
2024-09-18T06:56:11.821Z [error]: Failed to log user activity: Failed to create activity log: ActivityLog validation failed: userId: Cast to ObjectId failed for value "anonymous" (type string) at path "userId" because of "BSONError"
2024-09-18T06:56:35.587Z [info]: Found 1 roles for the provided IDs
2024-09-18T06:57:27.197Z [info]: Found 1 roles for the provided IDs
2024-09-18T06:57:51.944Z [info]: Found 1 roles for the provided IDs
2024-09-18T06:58:01.377Z [info]: User logged in successfully: rence@gmail.com
2024-09-18T06:58:01.408Z [error]: Failed to log user activity: Failed to create activity log: ActivityLog validation failed: userId: Cast to ObjectId failed for value "anonymous" (type string) at path "userId" because of "BSONError"
2024-09-18T06:58:01.408Z [error]: Failed to log user activity: Failed to create activity log: ActivityLog validation failed: userId: Cast to ObjectId failed for value "anonymous" (type string) at path "userId" because of "BSONError"
2024-09-18T06:58:27.004Z [info]: Found 1 roles for the provided IDs
2024-09-18T06:58:27.299Z [info]: Product created successfully
2024-09-18T07:03:20.604Z [info]: Server is running on port 3000
2024-09-18T07:03:29.688Z [info]: Found 1 roles for the provided IDs
2024-09-18T07:03:30.005Z [info]: Product created successfully
2024-09-18T07:04:12.542Z [info]: Server is running on port 3000
2024-09-18T07:04:19.489Z [info]: Found 1 roles for the provided IDs
2024-09-18T07:04:19.758Z [info]: Product created successfully
2024-09-18T07:08:07.864Z [info]: Server is running on port 3000
2024-09-18T07:10:19.424Z [info]: Server is running on port 3000
2024-09-18T07:10:28.711Z [info]: Found 1 roles for the provided IDs
2024-09-18T07:10:29.016Z [error]: Failed to create product
2024-09-18T07:12:23.776Z [info]: Server is running on port 3000
2024-09-18T07:12:26.924Z [info]: Found 1 roles for the provided IDs
2024-09-18T07:12:27.189Z [error]: Failed to create product
2024-09-18T07:25:44.143Z [info]: Server is running on port 3000
2024-09-18T07:26:07.255Z [info]: Server is running on port 3000
2024-09-18T07:35:59.634Z [info]: Server is running on port 3000
2024-09-18T07:42:27.570Z [info]: Server is running on port 3000
2024-09-18T07:42:53.873Z [info]: User logged in successfully: mandonglawrence@gmail.com
2024-09-18T07:42:53.894Z [error]: Failed to log user activity: Failed to create activity log: ActivityLog validation failed: userId: Cast to ObjectId failed for value "anonymous" (type string) at path "userId" because of "BSONError"
2024-09-18T07:42:53.895Z [error]: Failed to log user activity: Failed to create activity log: ActivityLog validation failed: userId: Cast to ObjectId failed for value "anonymous" (type string) at path "userId" because of "BSONError"
2024-09-18T07:43:46.534Z [info]: Found 1 roles for the provided IDs
2024-09-18T07:43:46.908Z [info]: Sending email to rencerigh@gmail.com with subject "Welcome to Our Service"
2024-09-18T07:43:48.246Z [error]: Error sending email to rencerigh@gmail.com: Invalid login: 535-5.7.8 Username and Password not accepted. For more information, go to
535 5.7.8  https://support.google.com/mail/?p=BadCredentials ffacd0b85a97d-378e72e4a46sm11592968f8f.14 - gsmtp
2024-09-18T07:43:48.246Z [error]: Failed to send welcome email: Failed to send email
2024-09-18T07:46:18.994Z [info]: Server is running on port 3000
2024-09-18T07:46:35.268Z [info]: Found 1 roles for the provided IDs
2024-09-18T07:46:35.797Z [info]: Sending email to rencerigh@gmail.com with subject "Welcome to Our Service"
2024-09-18T07:46:38.670Z [info]: Email successfully sent to rencerigh@gmail.com
2024-09-18T07:46:38.680Z [info]: Welcome email sent to rencerigh@gmail.com
2024-09-18T13:32:21.148Z [info]: Activity log created successfully
2024-09-18T13:32:21.174Z [error]: Failed to find activity logs by user ID: log.toObject is not a function
2024-09-18T13:33:28.072Z [info]: Activity log created successfully
2024-09-18T13:33:28.084Z [error]: Failed to find activity logs by user ID: log.toObject is not a function
2024-09-18T19:14:10.000Z [info]: Activity log created successfully
2024-09-18T19:14:10.015Z [error]: Failed to create activity log: Database error
2024-09-18T19:14:10.019Z [error]: Failed to create activity log due to an unknown error
